mode: atomic
github.com/naveego/plugin-pub-csv/csv/files.go:15.39,17.30 2 14
github.com/naveego/plugin-pub-csv/csv/files.go:20.2,20.28 1 14
github.com/naveego/plugin-pub-csv/csv/files.go:17.30,19.3 1 0
github.com/naveego/plugin-pub-csv/csv/files.go:23.57,24.27 1 17
github.com/naveego/plugin-pub-csv/csv/files.go:28.2,29.19 2 16
github.com/naveego/plugin-pub-csv/csv/files.go:24.27,26.3 1 1
github.com/naveego/plugin-pub-csv/csv/files.go:32.88,35.16 2 7
github.com/naveego/plugin-pub-csv/csv/files.go:39.2,41.49 3 7
github.com/naveego/plugin-pub-csv/csv/files.go:45.2,47.39 2 7
github.com/naveego/plugin-pub-csv/csv/files.go:66.2,66.27 1 7
github.com/naveego/plugin-pub-csv/csv/files.go:35.16,37.3 1 0
github.com/naveego/plugin-pub-csv/csv/files.go:41.49,43.3 1 0
github.com/naveego/plugin-pub-csv/csv/files.go:47.39,48.43 1 9
github.com/naveego/plugin-pub-csv/csv/files.go:57.3,59.59 2 8
github.com/naveego/plugin-pub-csv/csv/files.go:63.3,63.30 1 8
github.com/naveego/plugin-pub-csv/csv/files.go:48.43,50.18 2 1
github.com/naveego/plugin-pub-csv/csv/files.go:53.4,54.12 2 1
github.com/naveego/plugin-pub-csv/csv/files.go:50.18,52.5 1 0
github.com/naveego/plugin-pub-csv/csv/files.go:59.59,61.4 1 0
github.com/naveego/plugin-pub-csv/csv/files.go:69.73,72.16 3 1
github.com/naveego/plugin-pub-csv/csv/files.go:75.2,81.27 3 1
github.com/naveego/plugin-pub-csv/csv/files.go:98.2,98.22 1 1
github.com/naveego/plugin-pub-csv/csv/files.go:72.16,74.3 1 0
github.com/naveego/plugin-pub-csv/csv/files.go:81.27,86.17 4 3
github.com/naveego/plugin-pub-csv/csv/files.go:90.3,92.17 3 3
github.com/naveego/plugin-pub-csv/csv/files.go:95.3,95.44 1 3
github.com/naveego/plugin-pub-csv/csv/files.go:86.17,89.4 1 0
github.com/naveego/plugin-pub-csv/csv/files.go:92.17,94.4 1 0
github.com/naveego/plugin-pub-csv/csv/files.go:101.53,105.2 3 11
github.com/naveego/plugin-pub-csv/csv/files.go:107.55,109.60 1 3
github.com/naveego/plugin-pub-csv/csv/files.go:113.2,114.16 2 3
github.com/naveego/plugin-pub-csv/csv/files.go:117.2,117.15 1 3
github.com/naveego/plugin-pub-csv/csv/files.go:123.2,123.43 1 3
github.com/naveego/plugin-pub-csv/csv/files.go:126.2,127.8 2 3
github.com/naveego/plugin-pub-csv/csv/files.go:109.60,111.3 1 0
github.com/naveego/plugin-pub-csv/csv/files.go:114.16,116.3 1 0
github.com/naveego/plugin-pub-csv/csv/files.go:117.15,119.17 2 3
github.com/naveego/plugin-pub-csv/csv/files.go:119.17,121.4 1 3
github.com/naveego/plugin-pub-csv/csv/files.go:123.43,125.3 1 0
github.com/naveego/plugin-pub-csv/csv/files.go:134.52,136.16 2 8
github.com/naveego/plugin-pub-csv/csv/files.go:139.2,140.60 2 8
github.com/naveego/plugin-pub-csv/csv/files.go:143.2,144.16 2 8
github.com/naveego/plugin-pub-csv/csv/files.go:147.2,147.15 1 8
github.com/naveego/plugin-pub-csv/csv/files.go:153.2,153.43 1 8
github.com/naveego/plugin-pub-csv/csv/files.go:156.2,157.8 2 8
github.com/naveego/plugin-pub-csv/csv/files.go:136.16,138.3 1 0
github.com/naveego/plugin-pub-csv/csv/files.go:140.60,142.3 1 0
github.com/naveego/plugin-pub-csv/csv/files.go:144.16,146.3 1 0
github.com/naveego/plugin-pub-csv/csv/files.go:147.15,149.17 2 8
github.com/naveego/plugin-pub-csv/csv/files.go:149.17,151.4 1 8
github.com/naveego/plugin-pub-csv/csv/files.go:153.43,155.3 1 0
github.com/naveego/plugin-pub-csv/csv/server.go:35.25,39.2 1 11
github.com/naveego/plugin-pub-csv/csv/server.go:41.84,43.16 2 7
github.com/naveego/plugin-pub-csv/csv/server.go:46.2,50.53 3 7
github.com/naveego/plugin-pub-csv/csv/server.go:54.2,54.50 1 7
github.com/naveego/plugin-pub-csv/csv/server.go:43.16,45.3 1 0
github.com/naveego/plugin-pub-csv/csv/server.go:50.53,52.3 1 35
github.com/naveego/plugin-pub-csv/csv/server.go:58.85,62.2 1 7
github.com/naveego/plugin-pub-csv/csv/server.go:64.128,68.16 3 7
github.com/naveego/plugin-pub-csv/csv/server.go:72.2,73.16 2 7
github.com/naveego/plugin-pub-csv/csv/server.go:77.2,77.12 1 7
github.com/naveego/plugin-pub-csv/csv/server.go:108.2,111.22 3 7
github.com/naveego/plugin-pub-csv/csv/server.go:68.16,70.3 1 0
github.com/naveego/plugin-pub-csv/csv/server.go:73.16,75.3 1 0
github.com/naveego/plugin-pub-csv/csv/server.go:77.12,78.16 1 7
github.com/naveego/plugin-pub-csv/csv/server.go:87.3,87.39 1 7
github.com/naveego/plugin-pub-csv/csv/server.go:78.16,80.47 2 7
github.com/naveego/plugin-pub-csv/csv/server.go:84.4,84.24 1 7
github.com/naveego/plugin-pub-csv/csv/server.go:80.47,82.5 1 0
github.com/naveego/plugin-pub-csv/csv/server.go:87.39,90.61 3 11
github.com/naveego/plugin-pub-csv/csv/server.go:90.61,103.5 3 2
github.com/naveego/plugin-pub-csv/csv/server.go:115.100,120.16 3 11
github.com/naveego/plugin-pub-csv/csv/server.go:124.2,127.26 3 11
github.com/naveego/plugin-pub-csv/csv/server.go:133.2,134.6 2 11
github.com/naveego/plugin-pub-csv/csv/server.go:182.2,182.12 1 9
github.com/naveego/plugin-pub-csv/csv/server.go:120.16,122.3 1 0
github.com/naveego/plugin-pub-csv/csv/server.go:127.26,129.42 1 10
github.com/naveego/plugin-pub-csv/csv/server.go:129.42,131.4 1 0
github.com/naveego/plugin-pub-csv/csv/server.go:134.6,136.20 2 30
github.com/naveego/plugin-pub-csv/csv/server.go:139.3,139.17 1 21
github.com/naveego/plugin-pub-csv/csv/server.go:142.3,142.31 1 20
github.com/naveego/plugin-pub-csv/csv/server.go:147.3,154.28 2 19
github.com/naveego/plugin-pub-csv/csv/server.go:172.3,177.21 3 19
github.com/naveego/plugin-pub-csv/csv/server.go:136.20,137.9 1 9
github.com/naveego/plugin-pub-csv/csv/server.go:139.17,141.4 1 1
github.com/naveego/plugin-pub-csv/csv/server.go:142.31,145.4 1 1
github.com/naveego/plugin-pub-csv/csv/server.go:154.28,156.20 2 95
github.com/naveego/plugin-pub-csv/csv/server.go:157.18,158.61 1 38
github.com/naveego/plugin-pub-csv/csv/server.go:162.16,163.75 1 19
github.com/naveego/plugin-pub-csv/csv/server.go:167.12,168.26 1 38
github.com/naveego/plugin-pub-csv/csv/server.go:158.61,161.6 2 1
github.com/naveego/plugin-pub-csv/csv/server.go:163.75,166.6 2 1
github.com/naveego/plugin-pub-csv/csv/server.go:177.21,179.4 1 0
github.com/naveego/plugin-pub-csv/csv/server.go:185.114,189.16 3 1
github.com/naveego/plugin-pub-csv/csv/server.go:193.2,197.53 2 1
github.com/naveego/plugin-pub-csv/csv/server.go:204.2,205.22 2 1
github.com/naveego/plugin-pub-csv/csv/server.go:189.16,191.3 1 0
github.com/naveego/plugin-pub-csv/csv/server.go:197.53,202.3 1 5
github.com/naveego/plugin-pub-csv/csv/server.go:208.114,213.16 3 3
github.com/naveego/plugin-pub-csv/csv/server.go:217.2,221.16 3 3
github.com/naveego/plugin-pub-csv/csv/server.go:229.2,229.22 1 3
github.com/naveego/plugin-pub-csv/csv/server.go:213.16,215.3 1 0
github.com/naveego/plugin-pub-csv/csv/server.go:221.16,223.3 1 1
github.com/naveego/plugin-pub-csv/csv/server.go:223.3,223.28 1 2
github.com/naveego/plugin-pub-csv/csv/server.go:223.28,225.3 1 1
github.com/naveego/plugin-pub-csv/csv/server.go:225.3,227.3 1 1
github.com/naveego/plugin-pub-csv/csv/settings.go:34.37,35.18 1 11
github.com/naveego/plugin-pub-csv/csv/settings.go:38.2,38.19 1 11
github.com/naveego/plugin-pub-csv/csv/settings.go:42.2,43.64 2 11
github.com/naveego/plugin-pub-csv/csv/settings.go:47.2,47.29 1 11
github.com/naveego/plugin-pub-csv/csv/settings.go:50.2,50.26 1 11
github.com/naveego/plugin-pub-csv/csv/settings.go:54.2,54.36 1 11
github.com/naveego/plugin-pub-csv/csv/settings.go:69.2,71.12 2 11
github.com/naveego/plugin-pub-csv/csv/settings.go:35.18,37.3 1 0
github.com/naveego/plugin-pub-csv/csv/settings.go:38.19,40.3 1 0
github.com/naveego/plugin-pub-csv/csv/settings.go:43.64,45.3 1 0
github.com/naveego/plugin-pub-csv/csv/settings.go:47.29,49.3 1 0
github.com/naveego/plugin-pub-csv/csv/settings.go:50.26,52.3 1 0
github.com/naveego/plugin-pub-csv/csv/settings.go:54.36,56.21 1 55
github.com/naveego/plugin-pub-csv/csv/settings.go:60.3,60.21 1 55
github.com/naveego/plugin-pub-csv/csv/settings.go:64.3,64.45 1 55
github.com/naveego/plugin-pub-csv/csv/settings.go:56.21,58.4 1 0
github.com/naveego/plugin-pub-csv/csv/settings.go:60.21,62.4 1 0
github.com/naveego/plugin-pub-csv/csv/settings.go:64.45,66.4 1 0
github.com/naveego/plugin-pub-csv/csv/settings.go:74.66,81.16 3 11
github.com/naveego/plugin-pub-csv/csv/settings.go:86.2,86.22 1 11
github.com/naveego/plugin-pub-csv/csv/settings.go:81.16,83.3 1 11
